2020-03-30 00:52:40.723 INFO [main]com.monk.myreader.MyReaderApplication.logStarting:50 -Starting MyReaderApplication on DESKTOP-T1BP46Q with PID 4616 (D:\CODE\idea\MyReader\target\classes started by kuexun in D:\CODE\idea\MyReader)
2020-03-30 00:52:40.724 INFO [main]com.monk.myreader.MyReaderApplication.logStartupProfileInfo:675 -No active profile set, falling back to default profiles: default
2020-03-30 00:52:44.041 INFO [main]o.s.c.s.PostProcessorRegistrationDelegate$BeanPostProcessorChecker.postProcessAfterInitialization:330 -Bean 'org.springframework.transaction.annotation.ProxyTransactionManagementConfiguration' of type [org.springframework.transaction.annotation.ProxyTransactionManagementConfiguration$$EnhancerBySpringCGLIB$$d2593a5] is not eligible for getting processed by all BeanPostProcessors (for example: not eligible for auto-proxying)
2020-03-30 00:52:44.564 INFO [main]o.s.boot.web.embedded.tomcat.TomcatWebServer.initialize:90 -Tomcat initialized with port(s): 8080 (http)
2020-03-30 00:52:44.588 INFO [main]org.apache.coyote.http11.Http11NioProtocol.log:173 -Initializing ProtocolHandler ["http-nio-8080"]
2020-03-30 00:52:44.606 INFO [main]org.apache.catalina.core.StandardService.log:173 -Starting service [Tomcat]
2020-03-30 00:52:44.607 INFO [main]org.apache.catalina.core.StandardEngine.log:173 -Starting Servlet engine: [Apache Tomcat/9.0.16]
2020-03-30 00:52:44.617 INFO [main]org.apache.catalina.core.AprLifecycleListener.log:173 -Loaded APR based Apache Tomcat Native library [1.2.21] using APR version [1.6.5].
2020-03-30 00:52:44.618 INFO [main]org.apache.catalina.core.AprLifecycleListener.log:173 -APR capabilities: IPv6 [true], sendfile [true], accept filters [false], random [true].
2020-03-30 00:52:44.618 INFO [main]org.apache.catalina.core.AprLifecycleListener.log:173 -APR/OpenSSL configuration: useAprConnector [false], useOpenSSL [true]
2020-03-30 00:52:44.624 INFO [main]org.apache.catalina.core.AprLifecycleListener.log:173 -OpenSSL successfully initialized [OpenSSL 1.1.1a  20 Nov 2018]
2020-03-30 00:52:44.904 INFO [main]o.a.catalina.core.ContainerBase.[Tomcat].[localhost].[/].log:173 -Initializing Spring embedded WebApplicationContext
2020-03-30 00:52:44.905 INFO [main]org.springframework.web.context.ContextLoader.prepareWebApplicationContext:296 -Root WebApplicationContext: initialization completed in 4089 ms
2020-03-30 00:52:46.705 INFO [main]o.s.scheduling.concurrent.ThreadPoolTaskExecutor.initialize:171 -Initializing ExecutorService 'applicationTaskExecutor'
2020-03-30 00:52:47.371 INFO [main]s.d.spring.web.plugins.DocumentationPluginsBootstrapper.start:120 -Context refreshed
2020-03-30 00:52:47.402 INFO [main]s.d.spring.web.plugins.DocumentationPluginsBootstrapper.start:123 -Found 1 custom documentation plugin(s)
2020-03-30 00:52:47.464 INFO [main]s.d.spring.web.scanners.ApiListingReferenceScanner.scan:41 -Scanning for api listing references
2020-03-30 00:52:47.714 INFO [main]s.d.s.w.readers.operation.CachingOperationNameGenerator.startingWith:40 -Generating unique operation named: getUsingGET_1
2020-03-30 00:52:47.792 INFO [main]s.d.s.w.readers.operation.CachingOperationNameGenerator.startingWith:40 -Generating unique operation named: getUsingGET_2
2020-03-30 00:52:47.808 INFO [main]s.d.s.w.readers.operation.CachingOperationNameGenerator.startingWith:40 -Generating unique operation named: getUsingGET_3
2020-03-30 00:52:47.824 INFO [main]s.d.s.w.readers.operation.CachingOperationNameGenerator.startingWith:40 -Generating unique operation named: getCatalogueByBookIdUsingGET_1
2020-03-30 00:52:47.824 INFO [main]s.d.s.w.readers.operation.CachingOperationNameGenerator.startingWith:40 -Generating unique operation named: getUsingGET_4
2020-03-30 00:52:47.839 INFO [main]s.d.s.w.readers.operation.CachingOperationNameGenerator.startingWith:40 -Generating unique operation named: insertUsingPOST_1
2020-03-30 00:52:47.855 INFO [main]s.d.s.w.readers.operation.CachingOperationNameGenerator.startingWith:40 -Generating unique operation named: updateUsingPUT_1
2020-03-30 00:52:47.871 INFO [main]s.d.s.w.readers.operation.CachingOperationNameGenerator.startingWith:40 -Generating unique operation named: getUsingGET_5
2020-03-30 00:52:47.902 INFO [main]org.apache.coyote.http11.Http11NioProtocol.log:173 -Starting ProtocolHandler ["http-nio-8080"]
2020-03-30 00:52:47.949 INFO [main]o.s.boot.web.embedded.tomcat.TomcatWebServer.start:204 -Tomcat started on port(s): 8080 (http) with context path ''
2020-03-30 00:52:47.949 INFO [main]com.monk.myreader.MyReaderApplication.logStarted:59 -Started MyReaderApplication in 8.899 seconds (JVM running for 12.834)
2020-03-30 00:52:51.089 INFO [http-nio-8080-exec-2]o.a.catalina.core.ContainerBase.[Tomcat].[localhost].[/].log:173 -Initializing Spring DispatcherServlet 'dispatcherServlet'
2020-03-30 00:52:51.089 INFO [http-nio-8080-exec-2]org.springframework.web.servlet.DispatcherServlet.initServletBean:524 -Initializing Servlet 'dispatcherServlet'
2020-03-30 00:52:51.089 INFO [http-nio-8080-exec-2]org.springframework.web.servlet.DispatcherServlet.initServletBean:546 -Completed initialization in 0 ms
2020-03-30 00:52:51.229 INFO [http-nio-8080-exec-2]com.alibaba.druid.pool.DruidDataSource.init:922 -{dataSource-1} inited
2020-03-30 16:23:37.601 INFO [main]com.monk.myreader.MyReaderApplication.logStarting:50 -Starting MyReaderApplication on DESKTOP-T1BP46Q with PID 720 (D:\CODE\idea\MyReader\target\classes started by kuexun in D:\CODE\idea\MyReader)
2020-03-30 16:23:37.606 INFO [main]com.monk.myreader.MyReaderApplication.logStartupProfileInfo:675 -No active profile set, falling back to default profiles: default
2020-03-30 16:23:39.577 INFO [main]o.s.c.s.PostProcessorRegistrationDelegate$BeanPostProcessorChecker.postProcessAfterInitialization:330 -Bean 'org.springframework.transaction.annotation.ProxyTransactionManagementConfiguration' of type [org.springframework.transaction.annotation.ProxyTransactionManagementConfiguration$$EnhancerBySpringCGLIB$$dc898557] is not eligible for getting processed by all BeanPostProcessors (for example: not eligible for auto-proxying)
2020-03-30 16:23:39.992 INFO [main]o.s.boot.web.embedded.tomcat.TomcatWebServer.initialize:90 -Tomcat initialized with port(s): 8080 (http)
2020-03-30 16:23:40.013 INFO [main]org.apache.coyote.http11.Http11NioProtocol.log:173 -Initializing ProtocolHandler ["http-nio-8080"]
2020-03-30 16:23:40.029 INFO [main]org.apache.catalina.core.StandardService.log:173 -Starting service [Tomcat]
2020-03-30 16:23:40.030 INFO [main]org.apache.catalina.core.StandardEngine.log:173 -Starting Servlet engine: [Apache Tomcat/9.0.16]
2020-03-30 16:23:40.040 INFO [main]org.apache.catalina.core.AprLifecycleListener.log:173 -Loaded APR based Apache Tomcat Native library [1.2.21] using APR version [1.6.5].
2020-03-30 16:23:40.041 INFO [main]org.apache.catalina.core.AprLifecycleListener.log:173 -APR capabilities: IPv6 [true], sendfile [true], accept filters [false], random [true].
2020-03-30 16:23:40.042 INFO [main]org.apache.catalina.core.AprLifecycleListener.log:173 -APR/OpenSSL configuration: useAprConnector [false], useOpenSSL [true]
2020-03-30 16:23:40.048 INFO [main]org.apache.catalina.core.AprLifecycleListener.log:173 -OpenSSL successfully initialized [OpenSSL 1.1.1a  20 Nov 2018]
2020-03-30 16:23:40.336 INFO [main]o.a.catalina.core.ContainerBase.[Tomcat].[localhost].[/].log:173 -Initializing Spring embedded WebApplicationContext
2020-03-30 16:23:40.336 INFO [main]org.springframework.web.context.ContextLoader.prepareWebApplicationContext:296 -Root WebApplicationContext: initialization completed in 2662 ms
2020-03-30 16:23:41.641 INFO [main]o.s.scheduling.concurrent.ThreadPoolTaskExecutor.initialize:171 -Initializing ExecutorService 'applicationTaskExecutor'
2020-03-30 16:23:41.873 INFO [main]s.d.spring.web.plugins.DocumentationPluginsBootstrapper.start:120 -Context refreshed
2020-03-30 16:23:41.891 INFO [main]s.d.spring.web.plugins.DocumentationPluginsBootstrapper.start:123 -Found 1 custom documentation plugin(s)
2020-03-30 16:23:41.905 INFO [main]s.d.spring.web.scanners.ApiListingReferenceScanner.scan:41 -Scanning for api listing references
2020-03-30 16:23:42.054 INFO [main]s.d.s.w.readers.operation.CachingOperationNameGenerator.startingWith:40 -Generating unique operation named: getUsingGET_1
2020-03-30 16:23:42.121 INFO [main]s.d.s.w.readers.operation.CachingOperationNameGenerator.startingWith:40 -Generating unique operation named: getUsingGET_2
2020-03-30 16:23:42.136 INFO [main]s.d.s.w.readers.operation.CachingOperationNameGenerator.startingWith:40 -Generating unique operation named: getUsingGET_3
2020-03-30 16:23:42.142 INFO [main]s.d.s.w.readers.operation.CachingOperationNameGenerator.startingWith:40 -Generating unique operation named: getCatalogueByBookIdUsingGET_1
2020-03-30 16:23:42.148 INFO [main]s.d.s.w.readers.operation.CachingOperationNameGenerator.startingWith:40 -Generating unique operation named: getUsingGET_4
2020-03-30 16:23:42.161 INFO [main]s.d.s.w.readers.operation.CachingOperationNameGenerator.startingWith:40 -Generating unique operation named: insertUsingPOST_1
2020-03-30 16:23:42.167 INFO [main]s.d.s.w.readers.operation.CachingOperationNameGenerator.startingWith:40 -Generating unique operation named: updateUsingPUT_1
2020-03-30 16:23:42.187 INFO [main]s.d.s.w.readers.operation.CachingOperationNameGenerator.startingWith:40 -Generating unique operation named: getUsingGET_5
2020-03-30 16:23:42.211 INFO [main]org.apache.coyote.http11.Http11NioProtocol.log:173 -Starting ProtocolHandler ["http-nio-8080"]
2020-03-30 16:23:42.239 INFO [main]o.s.boot.web.embedded.tomcat.TomcatWebServer.start:204 -Tomcat started on port(s): 8080 (http) with context path ''
2020-03-30 16:23:42.242 INFO [main]com.monk.myreader.MyReaderApplication.logStarted:59 -Started MyReaderApplication in 5.424 seconds (JVM running for 8.129)
2020-03-30 16:27:31.600 INFO [http-nio-8080-exec-2]o.a.catalina.core.ContainerBase.[Tomcat].[localhost].[/].log:173 -Initializing Spring DispatcherServlet 'dispatcherServlet'
2020-03-30 16:27:31.601 INFO [http-nio-8080-exec-2]org.springframework.web.servlet.DispatcherServlet.initServletBean:524 -Initializing Servlet 'dispatcherServlet'
2020-03-30 16:27:31.624 INFO [http-nio-8080-exec-2]org.springframework.web.servlet.DispatcherServlet.initServletBean:546 -Completed initialization in 23 ms
2020-03-30 16:27:32.051 INFO [http-nio-8080-exec-2]com.alibaba.druid.pool.DruidDataSource.init:922 -{dataSource-1} inited
2020-03-30 17:07:42.663 INFO [main]com.monk.myreader.MyReaderApplication.logStarting:50 -Starting MyReaderApplication on DESKTOP-T1BP46Q with PID 864 (D:\CODE\idea\MyReader\target\classes started by kuexun in D:\CODE\idea\MyReader)
2020-03-30 17:07:42.679 INFO [main]com.monk.myreader.MyReaderApplication.logStartupProfileInfo:675 -No active profile set, falling back to default profiles: default
2020-03-30 17:07:45.814 INFO [main]o.s.c.s.PostProcessorRegistrationDelegate$BeanPostProcessorChecker.postProcessAfterInitialization:330 -Bean 'org.springframework.transaction.annotation.ProxyTransactionManagementConfiguration' of type [org.springframework.transaction.annotation.ProxyTransactionManagementConfiguration$$EnhancerBySpringCGLIB$$3a74e950] is not eligible for getting processed by all BeanPostProcessors (for example: not eligible for auto-proxying)
2020-03-30 17:07:46.113 WARN [main]o.s.b.w.s.c.AnnotationConfigServletWebServerApplicationContext.refresh:557 -Exception encountered during context initialization - cancelling refresh attempt: org.springframework.context.ApplicationContextException: Unable to start web server; nested exception is org.springframework.beans.factory.BeanCreationException: Error creating bean with name 'tomcatServletWebServerFactory' defined in class path resource [org/springframework/boot/autoconfigure/web/servlet/ServletWebServerFactoryConfiguration$EmbeddedTomcat.class]: Initialization of bean failed; nested exception is org.springframework.beans.factory.UnsatisfiedDependencyException: Error creating bean with name 'org.springframework.boot.autoconfigure.web.servlet.error.ErrorMvcAutoConfiguration': Unsatisfied dependency expressed through constructor parameter 1; nested exception is org.springframework.beans.factory.BeanCreationException: Error creating bean with name 'org.springframework.boot.autoconfigure.web.servlet.DispatcherServletAutoConfiguration$DispatcherServletRegistrationConfiguration': Bean instantiation via constructor failed; nested exception is org.springframework.beans.BeanInstantiationException: Failed to instantiate [org.springframework.boot.autoconfigure.web.servlet.DispatcherServletAutoConfiguration$DispatcherServletRegistrationConfiguration$$EnhancerBySpringCGLIB$$ec7c0dc0]: Constructor threw exception; nested exception is org.springframework.beans.factory.UnsatisfiedDependencyException: Error creating bean with name 'org.springframework.boot.autoconfigure.web.servlet.MultipartAutoConfiguration': Unsatisfied dependency expressed through constructor parameter 0; nested exception is org.springframework.boot.context.properties.ConfigurationPropertiesBindException: Error creating bean with name 'spring.servlet.multipart-org.springframework.boot.autoconfigure.web.servlet.MultipartProperties': Could not bind properties to 'MultipartProperties' : prefix=spring.servlet.multipart, ignoreInvalidFields=false, ignoreUnknownFields=false; nested exception is org.springframework.boot.context.properties.bind.BindException: Failed to bind properties under 'spring.servlet.multipart.max-request-size' to org.springframework.util.unit.DataSize
2020-03-30 17:07:46.135 INFO [main]o.s.b.a.logging.ConditionEvaluationReportLoggingListener.logMessage:142 -

Error starting ApplicationContext. To display the conditions report re-run your application with 'debug' enabled.
2020-03-30 17:08:20.073 INFO [main]com.monk.myreader.MyReaderApplication.logStarting:50 -Starting MyReaderApplication on DESKTOP-T1BP46Q with PID 13708 (D:\CODE\idea\MyReader\target\classes started by kuexun in D:\CODE\idea\MyReader)
2020-03-30 17:08:20.078 INFO [main]com.monk.myreader.MyReaderApplication.logStartupProfileInfo:675 -No active profile set, falling back to default profiles: default
2020-03-30 17:08:21.597 INFO [main]o.s.c.s.PostProcessorRegistrationDelegate$BeanPostProcessorChecker.postProcessAfterInitialization:330 -Bean 'org.springframework.transaction.annotation.ProxyTransactionManagementConfiguration' of type [org.springframework.transaction.annotation.ProxyTransactionManagementConfiguration$$EnhancerBySpringCGLIB$$26dfa627] is not eligible for getting processed by all BeanPostProcessors (for example: not eligible for auto-proxying)
2020-03-30 17:08:21.744 WARN [main]o.s.b.w.s.c.AnnotationConfigServletWebServerApplicationContext.refresh:557 -Exception encountered during context initialization - cancelling refresh attempt: org.springframework.context.ApplicationContextException: Unable to start web server; nested exception is org.springframework.beans.factory.BeanCreationException: Error creating bean with name 'tomcatServletWebServerFactory' defined in class path resource [org/springframework/boot/autoconfigure/web/servlet/ServletWebServerFactoryConfiguration$EmbeddedTomcat.class]: Initialization of bean failed; nested exception is org.springframework.beans.factory.UnsatisfiedDependencyException: Error creating bean with name 'org.springframework.boot.autoconfigure.web.servlet.error.ErrorMvcAutoConfiguration': Unsatisfied dependency expressed through constructor parameter 1; nested exception is org.springframework.beans.factory.BeanCreationException: Error creating bean with name 'org.springframework.boot.autoconfigure.web.servlet.DispatcherServletAutoConfiguration$DispatcherServletRegistrationConfiguration': Bean instantiation via constructor failed; nested exception is org.springframework.beans.BeanInstantiationException: Failed to instantiate [org.springframework.boot.autoconfigure.web.servlet.DispatcherServletAutoConfiguration$DispatcherServletRegistrationConfiguration$$EnhancerBySpringCGLIB$$d8e6ca97]: Constructor threw exception; nested exception is org.springframework.beans.factory.UnsatisfiedDependencyException: Error creating bean with name 'org.springframework.boot.autoconfigure.web.servlet.MultipartAutoConfiguration': Unsatisfied dependency expressed through constructor parameter 0; nested exception is org.springframework.boot.context.properties.ConfigurationPropertiesBindException: Error creating bean with name 'spring.servlet.multipart-org.springframework.boot.autoconfigure.web.servlet.MultipartProperties': Could not bind properties to 'MultipartProperties' : prefix=spring.servlet.multipart, ignoreInvalidFields=false, ignoreUnknownFields=false; nested exception is org.springframework.boot.context.properties.bind.BindException: Failed to bind properties under 'spring.servlet.multipart.max-file-size' to org.springframework.util.unit.DataSize
2020-03-30 17:08:21.753 INFO [main]o.s.b.a.logging.ConditionEvaluationReportLoggingListener.logMessage:142 -

Error starting ApplicationContext. To display the conditions report re-run your application with 'debug' enabled.
2020-03-30 17:09:26.102 INFO [main]com.monk.myreader.MyReaderApplication.logStarting:50 -Starting MyReaderApplication on DESKTOP-T1BP46Q with PID 4948 (D:\CODE\idea\MyReader\target\classes started by kuexun in D:\CODE\idea\MyReader)
2020-03-30 17:09:26.108 INFO [main]com.monk.myreader.MyReaderApplication.logStartupProfileInfo:675 -No active profile set, falling back to default profiles: default
2020-03-30 17:09:27.864 INFO [main]o.s.c.s.PostProcessorRegistrationDelegate$BeanPostProcessorChecker.postProcessAfterInitialization:330 -Bean 'org.springframework.transaction.annotation.ProxyTransactionManagementConfiguration' of type [org.springframework.transaction.annotation.ProxyTransactionManagementConfiguration$$EnhancerBySpringCGLIB$$ae0bf703] is not eligible for getting processed by all BeanPostProcessors (for example: not eligible for auto-proxying)
2020-03-30 17:09:28.630 INFO [main]o.s.boot.web.embedded.tomcat.TomcatWebServer.initialize:90 -Tomcat initialized with port(s): 8080 (http)
2020-03-30 17:09:28.691 INFO [main]org.apache.coyote.http11.Http11NioProtocol.log:173 -Initializing ProtocolHandler ["http-nio-8080"]
2020-03-30 17:09:28.733 INFO [main]org.apache.catalina.core.StandardService.log:173 -Starting service [Tomcat]
2020-03-30 17:09:28.733 INFO [main]org.apache.catalina.core.StandardEngine.log:173 -Starting Servlet engine: [Apache Tomcat/9.0.16]
2020-03-30 17:09:28.740 INFO [main]org.apache.catalina.core.AprLifecycleListener.log:173 -Loaded APR based Apache Tomcat Native library [1.2.21] using APR version [1.6.5].
2020-03-30 17:09:28.741 INFO [main]org.apache.catalina.core.AprLifecycleListener.log:173 -APR capabilities: IPv6 [true], sendfile [true], accept filters [false], random [true].
2020-03-30 17:09:28.741 INFO [main]org.apache.catalina.core.AprLifecycleListener.log:173 -APR/OpenSSL configuration: useAprConnector [false], useOpenSSL [true]
2020-03-30 17:09:28.760 INFO [main]org.apache.catalina.core.AprLifecycleListener.log:173 -OpenSSL successfully initialized [OpenSSL 1.1.1a  20 Nov 2018]
2020-03-30 17:09:29.156 INFO [main]o.a.catalina.core.ContainerBase.[Tomcat].[localhost].[/].log:173 -Initializing Spring embedded WebApplicationContext
2020-03-30 17:09:29.156 INFO [main]org.springframework.web.context.ContextLoader.prepareWebApplicationContext:296 -Root WebApplicationContext: initialization completed in 2945 ms
2020-03-30 17:09:30.946 INFO [main]o.s.scheduling.concurrent.ThreadPoolTaskExecutor.initialize:171 -Initializing ExecutorService 'applicationTaskExecutor'
2020-03-30 17:09:31.339 INFO [main]s.d.spring.web.plugins.DocumentationPluginsBootstrapper.start:120 -Context refreshed
2020-03-30 17:09:31.392 INFO [main]s.d.spring.web.plugins.DocumentationPluginsBootstrapper.start:123 -Found 1 custom documentation plugin(s)
2020-03-30 17:09:31.409 INFO [main]s.d.spring.web.scanners.ApiListingReferenceScanner.scan:41 -Scanning for api listing references
2020-03-30 17:09:31.593 INFO [main]s.d.s.w.readers.operation.CachingOperationNameGenerator.startingWith:40 -Generating unique operation named: getUsingGET_1
2020-03-30 17:09:31.645 INFO [main]s.d.s.w.readers.operation.CachingOperationNameGenerator.startingWith:40 -Generating unique operation named: getUsingGET_2
2020-03-30 17:09:31.662 INFO [main]s.d.s.w.readers.operation.CachingOperationNameGenerator.startingWith:40 -Generating unique operation named: getUsingGET_3
2020-03-30 17:09:31.667 INFO [main]s.d.s.w.readers.operation.CachingOperationNameGenerator.startingWith:40 -Generating unique operation named: getCatalogueByBookIdUsingGET_1
2020-03-30 17:09:31.673 INFO [main]s.d.s.w.readers.operation.CachingOperationNameGenerator.startingWith:40 -Generating unique operation named: getUsingGET_4
2020-03-30 17:09:31.685 INFO [main]s.d.s.w.readers.operation.CachingOperationNameGenerator.startingWith:40 -Generating unique operation named: insertUsingPOST_1
2020-03-30 17:09:31.690 INFO [main]s.d.s.w.readers.operation.CachingOperationNameGenerator.startingWith:40 -Generating unique operation named: updateUsingPUT_1
2020-03-30 17:09:31.727 INFO [main]s.d.s.w.readers.operation.CachingOperationNameGenerator.startingWith:40 -Generating unique operation named: getUsingGET_5
2020-03-30 17:09:31.754 INFO [main]org.apache.coyote.http11.Http11NioProtocol.log:173 -Starting ProtocolHandler ["http-nio-8080"]
2020-03-30 17:09:31.793 INFO [main]o.s.boot.web.embedded.tomcat.TomcatWebServer.start:204 -Tomcat started on port(s): 8080 (http) with context path ''
2020-03-30 17:09:31.796 INFO [main]com.monk.myreader.MyReaderApplication.logStarted:59 -Started MyReaderApplication in 6.544 seconds (JVM running for 8.233)
2020-03-30 17:09:32.192 INFO [http-nio-8080-exec-1]o.a.catalina.core.ContainerBase.[Tomcat].[localhost].[/].log:173 -Initializing Spring DispatcherServlet 'dispatcherServlet'
2020-03-30 17:09:32.192 INFO [http-nio-8080-exec-1]org.springframework.web.servlet.DispatcherServlet.initServletBean:524 -Initializing Servlet 'dispatcherServlet'
2020-03-30 17:09:32.204 INFO [http-nio-8080-exec-1]org.springframework.web.servlet.DispatcherServlet.initServletBean:546 -Completed initialization in 12 ms
2020-03-30 17:09:32.398 INFO [http-nio-8080-exec-1]com.alibaba.druid.pool.DruidDataSource.init:922 -{dataSource-1} inited
2020-03-30 17:11:56.984 INFO [http-nio-8080-exec-10]com.monk.myreader.service.impl.FileServiceImpl.save:52 -上传的文件名：斗罗大陆4终极斗罗.txt  并改成 0c067437b7b54700a05d6e0a47232042.txt
